[0.014s] Invoking command in '/rosws/build/basepkg': CMAKE_PREFIX_PATH=/opt/ros/humble:${CMAKE_PREFIX_PATH} /usr/bin/cmake --build /rosws/build/basepkg -- -j16 -l16
[0.029s] -- Found ament_cmake: 1.3.11 (/opt/ros/humble/share/ament_cmake/cmake)
[0.120s] -- Override CMake install command with custom implementation using symlinks instead of copying resources
[0.126s] -- Found rclcpp: 16.0.11 (/opt/ros/humble/share/rclcpp/cmake)
[0.215s] -- Found rosidl_generator_c: 3.1.6 (/opt/ros/humble/share/rosidl_generator_c/cmake)
[0.217s] -- Found rosidl_adapter: 3.1.6 (/opt/ros/humble/share/rosidl_adapter/cmake)
[0.222s] -- Found rosidl_generator_cpp: 3.1.6 (/opt/ros/humble/share/rosidl_generator_cpp/cmake)
[0.230s] -- Using all available rosidl_typesupport_c: rosidl_typesupport_fastrtps_c;rosidl_typesupport_introspection_c
[0.240s] -- Using all available rosidl_typesupport_cpp: rosidl_typesupport_fastrtps_cpp;rosidl_typesupport_introspection_cpp
[0.266s] -- Found rmw_implementation_cmake: 6.1.2 (/opt/ros/humble/share/rmw_implementation_cmake/cmake)
[0.267s] -- Found rmw_fastrtps_cpp: 6.2.7 (/opt/ros/humble/share/rmw_fastrtps_cpp/cmake)
[2.883s] -- Using RMW implementation 'rmw_fastrtps_cpp' as default
[2.922s] -- Found sensor_msgs: 4.2.4 (/opt/ros/humble/share/sensor_msgs/cmake)
[2.947s] -- Found ament_lint_auto: 0.12.11 (/opt/ros/humble/share/ament_lint_auto/cmake)
[3.001s] -- Added test 'copyright' to check source files copyright and LICENSE
[3.002s] -- Added test 'cppcheck' to perform static code analysis on C / C++ code
[3.002s] -- Configured cppcheck include dirs: $<BUILD_INTERFACE:/rosws/src/basepkg/include>
[3.002s] -- Configured cppcheck exclude dirs and/or files: 
[3.003s] -- Added test 'cpplint' to check C / C++ code against the Google style
[3.003s] -- Configured cpplint exclude dirs and/or files: 
[3.003s] -- Added test 'flake8' to check Python code syntax and style conventions
[3.003s] -- Added test 'lint_cmake' to check CMake code style
[3.003s] -- Added test 'pep257' to check Python code against some of the docstring style conventions in PEP 257
[3.004s] -- Added test 'uncrustify' to check C / C++ code style
[3.004s] -- Configured uncrustify additional arguments: 
[3.005s] -- Added test 'xmllint' to check XML markup files
[3.005s] -- Configuring done
[3.015s] [0mCMake Error: Cannot determine link language for target "lidar_publisher".[0m
[3.016s] [0mCMake Error: CMake can not determine linker language for target: lidar_publisher[0m
[3.018s] -- Generating done
[3.019s] [0mCMake Generate step failed.  Build files cannot be regenerated correctly.[0m
[3.026s] gmake: *** [Makefile:267: cmake_check_build_system] Error 1
[3.029s] Invoked command in '/rosws/build/basepkg' returned '2': CMAKE_PREFIX_PATH=/opt/ros/humble:${CMAKE_PREFIX_PATH} /usr/bin/cmake --build /rosws/build/basepkg -- -j16 -l16
