[0.022s] Invoking command in '/rosws/build/basepkg': /usr/bin/cmake --build /rosws/build/basepkg -- -j16 -l16
[0.063s] [100%] Built target my_node
[0.074s] Invoked command in '/rosws/build/basepkg' returned '0': /usr/bin/cmake --build /rosws/build/basepkg -- -j16 -l16
[0.083s] Invoking command in '/rosws/build/basepkg': /usr/bin/cmake --install /rosws/build/basepkg
[0.088s] -- Install configuration: ""
[0.088s] -- Execute custom install script
[0.089s] -- Up-to-date symlink: /rosws/install/basepkg/lib/basepkg/lidar_publisher.py
[0.089s] -- Up-to-date symlink: /rosws/install/basepkg/lib/basepkg/my_node
[0.089s] -- Up-to-date symlink: /rosws/install/basepkg/share/basepkg//launch/gazebo.launch.py
[0.089s] -- Up-to-date symlink: /rosws/install/basepkg/share/basepkg//urdf/robot.urdf
[0.090s] -- Up-to-date symlink: /rosws/install/basepkg/share/basepkg//rviz/rviz_config.rviz
[0.090s] -- Up-to-date symlink: /rosws/install/basepkg/share/basepkg//src/lidar_publisher.py
[0.090s] -- Up-to-date symlink: /rosws/install/basepkg/share/basepkg//src/my_node.cpp
[0.090s] -- Up-to-date symlink: /rosws/install/basepkg/share/ament_index/resource_index/package_run_dependencies/basepkg
[0.090s] -- Up-to-date symlink: /rosws/install/basepkg/share/ament_index/resource_index/parent_prefix_path/basepkg
[0.090s] -- Up-to-date symlink: /rosws/install/basepkg/share/basepkg/environment/ament_prefix_path.sh
[0.090s] -- Up-to-date symlink: /rosws/install/basepkg/share/basepkg/environment/ament_prefix_path.dsv
[0.090s] -- Up-to-date symlink: /rosws/install/basepkg/share/basepkg/environment/path.sh
[0.091s] -- Up-to-date symlink: /rosws/install/basepkg/share/basepkg/environment/path.dsv
[0.091s] -- Up-to-date symlink: /rosws/install/basepkg/share/basepkg/local_setup.bash
[0.091s] -- Up-to-date symlink: /rosws/install/basepkg/share/basepkg/local_setup.sh
[0.091s] -- Up-to-date symlink: /rosws/install/basepkg/share/basepkg/local_setup.zsh
[0.091s] -- Up-to-date symlink: /rosws/install/basepkg/share/basepkg/local_setup.dsv
[0.091s] -- Symlinking: /rosws/install/basepkg/share/basepkg/package.dsv
[0.098s] -- Up-to-date symlink: /rosws/install/basepkg/share/ament_index/resource_index/packages/basepkg
[0.099s] -- Up-to-date symlink: /rosws/install/basepkg/share/basepkg/cmake/basepkgConfig.cmake
[0.099s] -- Up-to-date symlink: /rosws/install/basepkg/share/basepkg/cmake/basepkgConfig-version.cmake
[0.099s] -- Up-to-date symlink: /rosws/install/basepkg/share/basepkg/package.xml
[0.101s] Invoked command in '/rosws/build/basepkg' returned '0': /usr/bin/cmake --install /rosws/build/basepkg
