[0.012s] Invoking command in '/rosws/build/basepkg': CMAKE_PREFIX_PATH=/opt/ros/humble /usr/bin/cmake /rosws/src/basepkg -DAMENT_CMAKE_SYMLINK_INSTALL=1 -DCMAKE_INSTALL_PREFIX=/rosws/install/basepkg
[0.022s] -- Found ament_cmake: 1.3.11 (/opt/ros/humble/share/ament_cmake/cmake)
[0.123s] -- Override CMake install command with custom implementation using symlinks instead of copying resources
[0.130s] -- Found ament_lint_auto: 0.12.11 (/opt/ros/humble/share/ament_lint_auto/cmake)
[0.231s] -- Added test 'copyright' to check source files copyright and LICENSE
[0.235s] -- Added test 'flake8' to check Python code syntax and style conventions
[0.236s] -- Added test 'lint_cmake' to check CMake code style
[0.237s] -- Added test 'pep257' to check Python code against some of the docstring style conventions in PEP 257
[0.239s] -- Added test 'xmllint' to check XML markup files
[0.245s] -- Configuring done
[0.246s] [31mCMake Error at CMakeLists.txt:24 (add_executable):
[0.246s]   Cannot find source file:
[0.246s] 
[0.246s]     src/my_node.cpp
[0.247s] 
[0.247s]   Tried extensions .c .C .c++ .cc .cpp .cxx .cu .mpp .m .M .mm .ixx .cppm .h
[0.247s]   .hh .h++ .hm .hpp .hxx .in .txx .f .F .for .f77 .f90 .f95 .f03 .hip .ispc
[0.247s] 
[0.247s] [0m
[0.247s] [31mCMake Error at CMakeLists.txt:24 (add_executable):
[0.247s]   No SOURCES given to target: my_node
[0.247s] 
[0.247s] [0m
[0.247s] [0mCMake Generate step failed.  Build files cannot be regenerated correctly.[0m
[0.251s] Invoked command in '/rosws/build/basepkg' returned '1': CMAKE_PREFIX_PATH=/opt/ros/humble /usr/bin/cmake /rosws/src/basepkg -DAMENT_CMAKE_SYMLINK_INSTALL=1 -DCMAKE_INSTALL_PREFIX=/rosws/install/basepkg
