-- Found ament_cmake: 1.3.11 (/opt/ros/humble/share/ament_cmake/cmake)
-- Override CMake install command with custom implementation using symlinks instead of copying resources
-- Found ament_lint_auto: 0.12.11 (/opt/ros/humble/share/ament_lint_auto/cmake)
-- Added test 'copyright' to check source files copyright and LICENSE
-- Added test 'cppcheck' to perform static code analysis on C / C++ code
-- Configured cppcheck include dirs: $<BUILD_INTERFACE:/rosws/src/basepkg/include>
-- Configured cppcheck exclude dirs and/or files: 
-- Added test 'cpplint' to check C / C++ code against the Google style
-- Configured cpplint exclude dirs and/or files: 
-- Added test 'flake8' to check Python code syntax and style conventions
-- Added test 'lint_cmake' to check CMake code style
-- Added test 'pep257' to check Python code against some of the docstring style conventions in PEP 257
-- Added test 'uncrustify' to check C / C++ code style
-- Configured uncrustify additional arguments: 
-- Added test 'xmllint' to check XML markup files
-- Configuring done
-- Generating done
-- Build files have been written to: /rosws/build/basepkg
[ 50%] [32mBuilding CXX object CMakeFiles/my_node.dir/src/my_node.cpp.o[0m
[100%] [32m[1mLinking CXX executable my_node[0m
[100%] Built target my_node
-- Install configuration: ""
-- Execute custom install script
-- Symlinking: /rosws/install/basepkg/lib/basepkg/my_node
-- Symlinking: /rosws/install/basepkg/share/basepkg//launch/display.launch.py
-- Symlinking: /rosws/install/basepkg/share/basepkg//launch/gazebo.launch.py
-- Symlinking: /rosws/install/basepkg/share/basepkg//urdf/robot.urdf
-- Symlinking: /rosws/install/basepkg/share/basepkg//rviz/rviz_config.rviz
-- Symlinking: /rosws/install/basepkg/share/ament_index/resource_index/package_run_dependencies/basepkg
-- Symlinking: /rosws/install/basepkg/share/ament_index/resource_index/parent_prefix_path/basepkg
-- Symlinking: /rosws/install/basepkg/share/basepkg/environment/ament_prefix_path.sh
-- Symlinking: /rosws/install/basepkg/share/basepkg/environment/ament_prefix_path.dsv
-- Symlinking: /rosws/install/basepkg/share/basepkg/environment/path.sh
-- Symlinking: /rosws/install/basepkg/share/basepkg/environment/path.dsv
-- Symlinking: /rosws/install/basepkg/share/basepkg/local_setup.bash
-- Symlinking: /rosws/install/basepkg/share/basepkg/local_setup.sh
-- Symlinking: /rosws/install/basepkg/share/basepkg/local_setup.zsh
-- Symlinking: /rosws/install/basepkg/share/basepkg/local_setup.dsv
-- Symlinking: /rosws/install/basepkg/share/basepkg/package.dsv
-- Symlinking: /rosws/install/basepkg/share/ament_index/resource_index/packages/basepkg
-- Symlinking: /rosws/install/basepkg/share/basepkg/cmake/basepkgConfig.cmake
-- Symlinking: /rosws/install/basepkg/share/basepkg/cmake/basepkgConfig-version.cmake
-- Symlinking: /rosws/install/basepkg/share/basepkg/package.xml
