[0.014s] Invoking command in '/rosws/build/basepkg': CMAKE_PREFIX_PATH=/opt/ros/humble /usr/bin/cmake /rosws/src/basepkg -DAMENT_CMAKE_SYMLINK_INSTALL=1 -DCMAKE_INSTALL_PREFIX=/rosws/install/basepkg
[0.023s] -- Found ament_cmake: 1.3.11 (/opt/ros/humble/share/ament_cmake/cmake)
[0.131s] -- Override CMake install command with custom implementation using symlinks instead of copying resources
[0.139s] -- Found ament_lint_auto: 0.12.11 (/opt/ros/humble/share/ament_lint_auto/cmake)
[0.202s] -- Added test 'copyright' to check source files copyright and LICENSE
[0.203s] -- Added test 'cppcheck' to perform static code analysis on C / C++ code
[0.203s] -- Configured cppcheck include dirs: $<BUILD_INTERFACE:/rosws/src/basepkg/include>
[0.203s] -- Configured cppcheck exclude dirs and/or files: 
[0.204s] -- Added test 'cpplint' to check C / C++ code against the Google style
[0.204s] -- Configured cpplint exclude dirs and/or files: 
[0.205s] -- Added test 'flake8' to check Python code syntax and style conventions
[0.205s] -- Added test 'lint_cmake' to check CMake code style
[0.206s] -- Added test 'pep257' to check Python code against some of the docstring style conventions in PEP 257
[0.206s] -- Added test 'uncrustify' to check C / C++ code style
[0.207s] -- Configured uncrustify additional arguments: 
[0.207s] -- Added test 'xmllint' to check XML markup files
[0.208s] -- Configuring done
[0.217s] -- Generating done
[0.219s] -- Build files have been written to: /rosws/build/basepkg
[0.223s] Invoked command in '/rosws/build/basepkg' returned '0': CMAKE_PREFIX_PATH=/opt/ros/humble /usr/bin/cmake /rosws/src/basepkg -DAMENT_CMAKE_SYMLINK_INSTALL=1 -DCMAKE_INSTALL_PREFIX=/rosws/install/basepkg
[0.226s] Invoking command in '/rosws/build/basepkg': CMAKE_PREFIX_PATH=/opt/ros/humble /usr/bin/cmake --build /rosws/build/basepkg -- -j16 -l16
[0.271s] [ 50%] [32mBuilding CXX object CMakeFiles/my_node.dir/src/my_node.cpp.o[0m
[0.353s] [100%] [32m[1mLinking CXX executable my_node[0m
[0.453s] [100%] Built target my_node
[0.466s] Invoked command in '/rosws/build/basepkg' returned '0': CMAKE_PREFIX_PATH=/opt/ros/humble /usr/bin/cmake --build /rosws/build/basepkg -- -j16 -l16
[0.477s] Invoking command in '/rosws/build/basepkg': CMAKE_PREFIX_PATH=/opt/ros/humble /usr/bin/cmake --install /rosws/build/basepkg
[0.483s] -- Install configuration: ""
[0.483s] -- Execute custom install script
[0.484s] -- Symlinking: /rosws/install/basepkg/lib/basepkg/my_node
[0.493s] -- Symlinking: /rosws/install/basepkg/share/basepkg//launch/display.launch.py
[0.502s] -- Symlinking: /rosws/install/basepkg/share/basepkg//launch/gazebo.launch.py
[0.510s] -- Symlinking: /rosws/install/basepkg/share/basepkg//urdf/robot.urdf
[0.518s] -- Symlinking: /rosws/install/basepkg/share/basepkg//rviz/rviz_config.rviz
[0.528s] -- Symlinking: /rosws/install/basepkg/share/ament_index/resource_index/package_run_dependencies/basepkg
[0.537s] -- Symlinking: /rosws/install/basepkg/share/ament_index/resource_index/parent_prefix_path/basepkg
[0.545s] -- Symlinking: /rosws/install/basepkg/share/basepkg/environment/ament_prefix_path.sh
[0.554s] -- Symlinking: /rosws/install/basepkg/share/basepkg/environment/ament_prefix_path.dsv
[0.562s] -- Symlinking: /rosws/install/basepkg/share/basepkg/environment/path.sh
[0.570s] -- Symlinking: /rosws/install/basepkg/share/basepkg/environment/path.dsv
[0.579s] -- Symlinking: /rosws/install/basepkg/share/basepkg/local_setup.bash
[0.587s] -- Symlinking: /rosws/install/basepkg/share/basepkg/local_setup.sh
[0.596s] -- Symlinking: /rosws/install/basepkg/share/basepkg/local_setup.zsh
[0.604s] -- Symlinking: /rosws/install/basepkg/share/basepkg/local_setup.dsv
[0.612s] -- Symlinking: /rosws/install/basepkg/share/basepkg/package.dsv
[0.622s] -- Symlinking: /rosws/install/basepkg/share/ament_index/resource_index/packages/basepkg
[0.634s] -- Symlinking: /rosws/install/basepkg/share/basepkg/cmake/basepkgConfig.cmake
[0.642s] -- Symlinking: /rosws/install/basepkg/share/basepkg/cmake/basepkgConfig-version.cmake
[0.650s] -- Symlinking: /rosws/install/basepkg/share/basepkg/package.xml
[0.661s] Invoked command in '/rosws/build/basepkg' returned '0': CMAKE_PREFIX_PATH=/opt/ros/humble /usr/bin/cmake --install /rosws/build/basepkg
