[0.014s] Invoking command in '/rosws/build/basepkg': CMAKE_PREFIX_PATH=/opt/ros/humble /usr/bin/cmake --build /rosws/build/basepkg -- -j16 -l16
[0.068s] [35m[1mConsolidate compiler generated dependencies of target my_node[0m
[0.083s] [100%] Built target my_node
[0.094s] Invoked command in '/rosws/build/basepkg' returned '0': CMAKE_PREFIX_PATH=/opt/ros/humble /usr/bin/cmake --build /rosws/build/basepkg -- -j16 -l16
[0.105s] Invoking command in '/rosws/build/basepkg': CMAKE_PREFIX_PATH=/opt/ros/humble /usr/bin/cmake --install /rosws/build/basepkg
[0.112s] -- Install configuration: ""
[0.113s] -- Execute custom install script
[0.113s] -- Up-to-date symlink: /rosws/install/basepkg/lib/basepkg/my_node
[0.114s] -- Up-to-date symlink: /rosws/install/basepkg/share/basepkg//launch/display.launch.py
[0.114s] -- Up-to-date symlink: /rosws/install/basepkg/share/basepkg//launch/gazebo.launch.py
[0.114s] -- Up-to-date symlink: /rosws/install/basepkg/share/basepkg//urdf/robot.urdf
[0.114s] -- Up-to-date symlink: /rosws/install/basepkg/share/basepkg//rviz/rviz_config.rviz
[0.116s] -- Up-to-date symlink: /rosws/install/basepkg/share/ament_index/resource_index/package_run_dependencies/basepkg
[0.117s] -- Up-to-date symlink: /rosws/install/basepkg/share/ament_index/resource_index/parent_prefix_path/basepkg
[0.118s] -- Up-to-date symlink: /rosws/install/basepkg/share/basepkg/environment/ament_prefix_path.sh
[0.119s] -- Up-to-date symlink: /rosws/install/basepkg/share/basepkg/environment/ament_prefix_path.dsv
[0.121s] -- Up-to-date symlink: /rosws/install/basepkg/share/basepkg/environment/path.sh
[0.121s] -- Up-to-date symlink: /rosws/install/basepkg/share/basepkg/environment/path.dsv
[0.122s] -- Up-to-date symlink: /rosws/install/basepkg/share/basepkg/local_setup.bash
[0.122s] -- Up-to-date symlink: /rosws/install/basepkg/share/basepkg/local_setup.sh
[0.123s] -- Up-to-date symlink: /rosws/install/basepkg/share/basepkg/local_setup.zsh
[0.124s] -- Up-to-date symlink: /rosws/install/basepkg/share/basepkg/local_setup.dsv
[0.124s] -- Symlinking: /rosws/install/basepkg/share/basepkg/package.dsv
[0.133s] -- Up-to-date symlink: /rosws/install/basepkg/share/ament_index/resource_index/packages/basepkg
[0.133s] -- Up-to-date symlink: /rosws/install/basepkg/share/basepkg/cmake/basepkgConfig.cmake
[0.135s] -- Up-to-date symlink: /rosws/install/basepkg/share/basepkg/cmake/basepkgConfig-version.cmake
[0.135s] -- Up-to-date symlink: /rosws/install/basepkg/share/basepkg/package.xml
[0.137s] Invoked command in '/rosws/build/basepkg' returned '0': CMAKE_PREFIX_PATH=/opt/ros/humble /usr/bin/cmake --install /rosws/build/basepkg
