[0.101s] Invoking command in '/rosws/build/basepkg': CMAKE_PREFIX_PATH=/opt/ros/humble /usr/bin/cmake --build /rosws/build/basepkg -- -j16 -l16
[0.146s] [35m[1mConsolidate compiler generated dependencies of target my_node[0m
[0.161s] [100%] Built target my_node
[0.176s] Invoked command in '/rosws/build/basepkg' returned '0': CMAKE_PREFIX_PATH=/opt/ros/humble /usr/bin/cmake --build /rosws/build/basepkg -- -j16 -l16
[0.189s] Invoking command in '/rosws/build/basepkg': CMAKE_PREFIX_PATH=/opt/ros/humble /usr/bin/cmake --install /rosws/build/basepkg
[0.199s] -- Install configuration: ""
[0.200s] -- Execute custom install script
[0.200s] -- Up-to-date symlink: /rosws/install/basepkg/lib/basepkg/lidar_publisher.py
[0.201s] -- Up-to-date symlink: /rosws/install/basepkg/lib/basepkg/my_node
[0.201s] -- Up-to-date symlink: /rosws/install/basepkg/share/basepkg//launch/gazebo.launch.py
[0.201s] -- Up-to-date symlink: /rosws/install/basepkg/share/basepkg//urdf/robot.urdf
[0.202s] -- Up-to-date symlink: /rosws/install/basepkg/share/basepkg//rviz/rviz_config.rviz
[0.202s] -- Up-to-date symlink: /rosws/install/basepkg/share/basepkg//src/lidar_publisher.py
[0.202s] -- Up-to-date symlink: /rosws/install/basepkg/share/basepkg//src/my_node.cpp
[0.203s] -- Up-to-date symlink: /rosws/install/basepkg/share/ament_index/resource_index/package_run_dependencies/basepkg
[0.203s] -- Up-to-date symlink: /rosws/install/basepkg/share/ament_index/resource_index/parent_prefix_path/basepkg
[0.203s] -- Up-to-date symlink: /rosws/install/basepkg/share/basepkg/environment/ament_prefix_path.sh
[0.203s] -- Up-to-date symlink: /rosws/install/basepkg/share/basepkg/environment/ament_prefix_path.dsv
[0.203s] -- Up-to-date symlink: /rosws/install/basepkg/share/basepkg/environment/path.sh
[0.203s] -- Up-to-date symlink: /rosws/install/basepkg/share/basepkg/environment/path.dsv
[0.203s] -- Up-to-date symlink: /rosws/install/basepkg/share/basepkg/local_setup.bash
[0.204s] -- Up-to-date symlink: /rosws/install/basepkg/share/basepkg/local_setup.sh
[0.204s] -- Up-to-date symlink: /rosws/install/basepkg/share/basepkg/local_setup.zsh
[0.204s] -- Up-to-date symlink: /rosws/install/basepkg/share/basepkg/local_setup.dsv
[0.205s] -- Symlinking: /rosws/install/basepkg/share/basepkg/package.dsv
[0.217s] -- Up-to-date symlink: /rosws/install/basepkg/share/ament_index/resource_index/packages/basepkg
[0.217s] -- Up-to-date symlink: /rosws/install/basepkg/share/basepkg/cmake/basepkgConfig.cmake
[0.217s] -- Up-to-date symlink: /rosws/install/basepkg/share/basepkg/cmake/basepkgConfig-version.cmake
[0.217s] -- Up-to-date symlink: /rosws/install/basepkg/share/basepkg/package.xml
[0.221s] Invoked command in '/rosws/build/basepkg' returned '0': CMAKE_PREFIX_PATH=/opt/ros/humble /usr/bin/cmake --install /rosws/build/basepkg
