[0.011s] Invoking command in '/rosws/build/basepkg': CMAKE_PREFIX_PATH=/opt/ros/humble:${CMAKE_PREFIX_PATH} /usr/bin/cmake --build /rosws/build/basepkg -- -j16 -l16
[0.033s] -- Found ament_cmake: 1.3.11 (/opt/ros/humble/share/ament_cmake/cmake)
[0.179s] -- Override CMake install command with custom implementation using symlinks instead of copying resources
[0.214s] -- Found rclcpp: 16.0.11 (/opt/ros/humble/share/rclcpp/cmake)
[0.358s] -- Found rosidl_generator_c: 3.1.6 (/opt/ros/humble/share/rosidl_generator_c/cmake)
[0.368s] -- Found rosidl_adapter: 3.1.6 (/opt/ros/humble/share/rosidl_adapter/cmake)
[0.391s] -- Found rosidl_generator_cpp: 3.1.6 (/opt/ros/humble/share/rosidl_generator_cpp/cmake)
[0.421s] -- Using all available rosidl_typesupport_c: rosidl_typesupport_fastrtps_c;rosidl_typesupport_introspection_c
[0.455s] -- Using all available rosidl_typesupport_cpp: rosidl_typesupport_fastrtps_cpp;rosidl_typesupport_introspection_cpp
[0.570s] -- Found rmw_implementation_cmake: 6.1.2 (/opt/ros/humble/share/rmw_implementation_cmake/cmake)
[0.579s] -- Found rmw_fastrtps_cpp: 6.2.7 (/opt/ros/humble/share/rmw_fastrtps_cpp/cmake)
[1.361s] -- Found OpenSSL: /usr/lib/x86_64-linux-gnu/libcrypto.so (found version "3.0.2")  
[2.083s] -- Found FastRTPS: /opt/ros/humble/include  
[3.410s] -- Using RMW implementation 'rmw_fastrtps_cpp' as default
[3.428s] -- Looking for pthread.h
[3.568s] -- Looking for pthread.h - found
[3.570s] -- Performing Test CMAKE_HAVE_LIBC_PTHREAD
[3.679s] -- Performing Test CMAKE_HAVE_LIBC_PTHREAD - Success
[3.680s] -- Found Threads: TRUE  
[3.785s] -- Found sensor_msgs: 4.2.4 (/opt/ros/humble/share/sensor_msgs/cmake)
[3.833s] -- Found ament_lint_auto: 0.12.11 (/opt/ros/humble/share/ament_lint_auto/cmake)
[3.910s] -- Added test 'copyright' to check source files copyright and LICENSE
[3.911s] -- Added test 'cppcheck' to perform static code analysis on C / C++ code
[3.911s] -- Configured cppcheck include dirs: $<BUILD_INTERFACE:/rosws/src/basepkg/include>
[3.911s] -- Configured cppcheck exclude dirs and/or files: 
[3.913s] -- Added test 'cpplint' to check C / C++ code against the Google style
[3.913s] -- Configured cpplint exclude dirs and/or files: 
[3.914s] -- Added test 'flake8' to check Python code syntax and style conventions
[3.915s] -- Added test 'lint_cmake' to check CMake code style
[3.915s] -- Added test 'pep257' to check Python code against some of the docstring style conventions in PEP 257
[3.916s] -- Added test 'uncrustify' to check C / C++ code style
[3.916s] -- Configured uncrustify additional arguments: 
[3.917s] -- Added test 'xmllint' to check XML markup files
[3.920s] -- Configuring done
[3.923s] [31mCMake Error at CMakeLists.txt:31 (add_executable):
[3.923s]   Cannot find source file:
[3.923s] 
[3.923s]     src/lidar_publisher.cpp
[3.923s] 
[3.923s]   Tried extensions .c .C .c++ .cc .cpp .cxx .cu .mpp .m .M .mm .ixx .cppm .h
[3.923s]   .hh .h++ .hm .hpp .hxx .in .txx .f .F .for .f77 .f90 .f95 .f03 .hip .ispc
[3.924s] 
[3.924s] [0m
[3.924s] [31mCMake Error at CMakeLists.txt:31 (add_executable):
[3.924s]   No SOURCES given to target: lidar_publisher
[3.924s] 
[3.924s] [0m
[3.924s] [0mCMake Generate step failed.  Build files cannot be regenerated correctly.[0m
[3.930s] gmake: *** [Makefile:267: cmake_check_build_system] Error 1
[3.934s] Invoked command in '/rosws/build/basepkg' returned '2': CMAKE_PREFIX_PATH=/opt/ros/humble:${CMAKE_PREFIX_PATH} /usr/bin/cmake --build /rosws/build/basepkg -- -j16 -l16
