-- Found ament_cmake: 1.3.11 (/opt/ros/humble/share/ament_cmake/cmake)
-- Override CMake install command with custom implementation using symlinks instead of copying resources
-- Found rclcpp: 16.0.11 (/opt/ros/humble/share/rclcpp/cmake)
-- Found rosidl_generator_c: 3.1.6 (/opt/ros/humble/share/rosidl_generator_c/cmake)
-- Found rosidl_adapter: 3.1.6 (/opt/ros/humble/share/rosidl_adapter/cmake)
-- Found rosidl_generator_cpp: 3.1.6 (/opt/ros/humble/share/rosidl_generator_cpp/cmake)
-- Using all available rosidl_typesupport_c: rosidl_typesupport_fastrtps_c;rosidl_typesupport_introspection_c
-- Using all available rosidl_typesupport_cpp: rosidl_typesupport_fastrtps_cpp;rosidl_typesupport_introspection_cpp
-- Found rmw_implementation_cmake: 6.1.2 (/opt/ros/humble/share/rmw_implementation_cmake/cmake)
-- Found rmw_fastrtps_cpp: 6.2.7 (/opt/ros/humble/share/rmw_fastrtps_cpp/cmake)
-- Using RMW implementation 'rmw_fastrtps_cpp' as default
-- Found sensor_msgs: 4.2.4 (/opt/ros/humble/share/sensor_msgs/cmake)
-- Found ament_lint_auto: 0.12.11 (/opt/ros/humble/share/ament_lint_auto/cmake)
-- Added test 'copyright' to check source files copyright and LICENSE
-- Added test 'cppcheck' to perform static code analysis on C / C++ code
-- Configured cppcheck include dirs: $<BUILD_INTERFACE:/rosws/src/basepkg/include>
-- Configured cppcheck exclude dirs and/or files: 
-- Added test 'cpplint' to check C / C++ code against the Google style
-- Configured cpplint exclude dirs and/or files: 
-- Added test 'flake8' to check Python code syntax and style conventions
-- Added test 'lint_cmake' to check CMake code style
-- Added test 'pep257' to check Python code against some of the docstring style conventions in PEP 257
-- Added test 'uncrustify' to check C / C++ code style
-- Configured uncrustify additional arguments: 
-- Added test 'xmllint' to check XML markup files
-- Configuring done
-- Generating done
-- Build files have been written to: /rosws/build/basepkg
[35m[1mConsolidate compiler generated dependencies of target my_node[0m
[ 50%] [32mBuilding CXX object CMakeFiles/my_node.dir/src/my_node.cpp.o[0m
[100%] [32m[1mLinking CXX executable my_node[0m
[100%] Built target my_node
-- Install configuration: ""
-- Execute custom install script
-- Symlinking: /rosws/install/basepkg/lib/basepkg/lidar_publisher.py
-- Up-to-date symlink: /rosws/install/basepkg/lib/basepkg/my_node
-- Up-to-date symlink: /rosws/install/basepkg/share/basepkg//launch/gazebo.launch.py
-- Up-to-date symlink: /rosws/install/basepkg/share/basepkg//urdf/robot.urdf
-- Up-to-date symlink: /rosws/install/basepkg/share/basepkg//rviz/rviz_config.rviz
-- Symlinking: /rosws/install/basepkg/share/basepkg//src/lidar_publisher.py
-- Symlinking: /rosws/install/basepkg/share/basepkg//src/my_node.cpp
-- Up-to-date symlink: /rosws/install/basepkg/share/ament_index/resource_index/package_run_dependencies/basepkg
-- Up-to-date symlink: /rosws/install/basepkg/share/ament_index/resource_index/parent_prefix_path/basepkg
-- Up-to-date symlink: /rosws/install/basepkg/share/basepkg/environment/ament_prefix_path.sh
-- Up-to-date symlink: /rosws/install/basepkg/share/basepkg/environment/ament_prefix_path.dsv
-- Up-to-date symlink: /rosws/install/basepkg/share/basepkg/environment/path.sh
-- Up-to-date symlink: /rosws/install/basepkg/share/basepkg/environment/path.dsv
-- Up-to-date symlink: /rosws/install/basepkg/share/basepkg/local_setup.bash
-- Up-to-date symlink: /rosws/install/basepkg/share/basepkg/local_setup.sh
-- Up-to-date symlink: /rosws/install/basepkg/share/basepkg/local_setup.zsh
-- Up-to-date symlink: /rosws/install/basepkg/share/basepkg/local_setup.dsv
-- Symlinking: /rosws/install/basepkg/share/basepkg/package.dsv
-- Up-to-date symlink: /rosws/install/basepkg/share/ament_index/resource_index/packages/basepkg
-- Up-to-date symlink: /rosws/install/basepkg/share/basepkg/cmake/basepkgConfig.cmake
-- Up-to-date symlink: /rosws/install/basepkg/share/basepkg/cmake/basepkgConfig-version.cmake
-- Up-to-date symlink: /rosws/install/basepkg/share/basepkg/package.xml
