[0.012s] Invoking command in '/rosws/build/basepkg': CMAKE_PREFIX_PATH=/opt/ros/humble /usr/bin/cmake --build /rosws/build/basepkg -- -j16 -l16
[0.031s] -- Found ament_cmake: 1.3.11 (/opt/ros/humble/share/ament_cmake/cmake)
[0.123s] -- Override CMake install command with custom implementation using symlinks instead of copying resources
[0.129s] -- Found rclcpp: 16.0.11 (/opt/ros/humble/share/rclcpp/cmake)
[0.217s] -- Found rosidl_generator_c: 3.1.6 (/opt/ros/humble/share/rosidl_generator_c/cmake)
[0.219s] -- Found rosidl_adapter: 3.1.6 (/opt/ros/humble/share/rosidl_adapter/cmake)
[0.223s] -- Found rosidl_generator_cpp: 3.1.6 (/opt/ros/humble/share/rosidl_generator_cpp/cmake)
[0.231s] -- Using all available rosidl_typesupport_c: rosidl_typesupport_fastrtps_c;rosidl_typesupport_introspection_c
[0.241s] -- Using all available rosidl_typesupport_cpp: rosidl_typesupport_fastrtps_cpp;rosidl_typesupport_introspection_cpp
[0.267s] -- Found rmw_implementation_cmake: 6.1.2 (/opt/ros/humble/share/rmw_implementation_cmake/cmake)
[0.268s] -- Found rmw_fastrtps_cpp: 6.2.7 (/opt/ros/humble/share/rmw_fastrtps_cpp/cmake)
[2.809s] -- Using RMW implementation 'rmw_fastrtps_cpp' as default
[2.848s] -- Found sensor_msgs: 4.2.4 (/opt/ros/humble/share/sensor_msgs/cmake)
[2.872s] -- Found ament_lint_auto: 0.12.11 (/opt/ros/humble/share/ament_lint_auto/cmake)
[2.936s] -- Added test 'copyright' to check source files copyright and LICENSE
[2.937s] -- Added test 'cppcheck' to perform static code analysis on C / C++ code
[2.937s] -- Configured cppcheck include dirs: $<BUILD_INTERFACE:/rosws/src/basepkg/include>
[2.937s] -- Configured cppcheck exclude dirs and/or files: 
[2.938s] -- Added test 'cpplint' to check C / C++ code against the Google style
[2.938s] -- Configured cpplint exclude dirs and/or files: 
[2.938s] -- Added test 'flake8' to check Python code syntax and style conventions
[2.938s] -- Added test 'lint_cmake' to check CMake code style
[2.939s] -- Added test 'pep257' to check Python code against some of the docstring style conventions in PEP 257
[2.939s] -- Added test 'uncrustify' to check C / C++ code style
[2.939s] -- Configured uncrustify additional arguments: 
[2.940s] -- Added test 'xmllint' to check XML markup files
[2.940s] -- Configuring done
[2.948s] -- Generating done
[2.952s] -- Build files have been written to: /rosws/build/basepkg
[2.973s] [35m[1mConsolidate compiler generated dependencies of target my_node[0m
[2.983s] [ 50%] [32mBuilding CXX object CMakeFiles/my_node.dir/src/my_node.cpp.o[0m
[3.051s] [100%] [32m[1mLinking CXX executable my_node[0m
[3.157s] [100%] Built target my_node
[3.167s] Invoked command in '/rosws/build/basepkg' returned '0': CMAKE_PREFIX_PATH=/opt/ros/humble /usr/bin/cmake --build /rosws/build/basepkg -- -j16 -l16
[3.178s] Invoking command in '/rosws/build/basepkg': CMAKE_PREFIX_PATH=/opt/ros/humble /usr/bin/cmake --install /rosws/build/basepkg
[3.182s] -- Install configuration: ""
[3.182s] -- Execute custom install script
[3.182s] -- Symlinking: /rosws/install/basepkg/lib/basepkg/lidar_publisher.py
[3.189s] -- Up-to-date symlink: /rosws/install/basepkg/lib/basepkg/my_node
[3.190s] -- Up-to-date symlink: /rosws/install/basepkg/share/basepkg//launch/gazebo.launch.py
[3.190s] -- Up-to-date symlink: /rosws/install/basepkg/share/basepkg//urdf/robot.urdf
[3.190s] -- Up-to-date symlink: /rosws/install/basepkg/share/basepkg//rviz/rviz_config.rviz
[3.190s] -- Symlinking: /rosws/install/basepkg/share/basepkg//src/lidar_publisher.py
[3.197s] -- Symlinking: /rosws/install/basepkg/share/basepkg//src/my_node.cpp
[3.205s] -- Up-to-date symlink: /rosws/install/basepkg/share/ament_index/resource_index/package_run_dependencies/basepkg
[3.205s] -- Up-to-date symlink: /rosws/install/basepkg/share/ament_index/resource_index/parent_prefix_path/basepkg
[3.205s] -- Up-to-date symlink: /rosws/install/basepkg/share/basepkg/environment/ament_prefix_path.sh
[3.205s] -- Up-to-date symlink: /rosws/install/basepkg/share/basepkg/environment/ament_prefix_path.dsv
[3.206s] -- Up-to-date symlink: /rosws/install/basepkg/share/basepkg/environment/path.sh
[3.206s] -- Up-to-date symlink: /rosws/install/basepkg/share/basepkg/environment/path.dsv
[3.206s] -- Up-to-date symlink: /rosws/install/basepkg/share/basepkg/local_setup.bash
[3.206s] -- Up-to-date symlink: /rosws/install/basepkg/share/basepkg/local_setup.sh
[3.207s] -- Up-to-date symlink: /rosws/install/basepkg/share/basepkg/local_setup.zsh
[3.207s] -- Up-to-date symlink: /rosws/install/basepkg/share/basepkg/local_setup.dsv
[3.207s] -- Symlinking: /rosws/install/basepkg/share/basepkg/package.dsv
[3.214s] -- Up-to-date symlink: /rosws/install/basepkg/share/ament_index/resource_index/packages/basepkg
[3.215s] -- Up-to-date symlink: /rosws/install/basepkg/share/basepkg/cmake/basepkgConfig.cmake
[3.215s] -- Up-to-date symlink: /rosws/install/basepkg/share/basepkg/cmake/basepkgConfig-version.cmake
[3.216s] -- Up-to-date symlink: /rosws/install/basepkg/share/basepkg/package.xml
[3.217s] Invoked command in '/rosws/build/basepkg' returned '0': CMAKE_PREFIX_PATH=/opt/ros/humble /usr/bin/cmake --install /rosws/build/basepkg
