[0.020s] Invoking command in '/rosws/build/basepkg': /usr/bin/cmake --build /rosws/build/basepkg -- -j16 -l16
[0.324s] [100%] Built target my_node
[0.335s] Invoked command in '/rosws/build/basepkg' returned '0': /usr/bin/cmake --build /rosws/build/basepkg -- -j16 -l16
[0.348s] Invoking command in '/rosws/build/basepkg': /usr/bin/cmake --install /rosws/build/basepkg
[0.355s] -- Install configuration: ""
[0.358s] -- Execute custom install script
[0.358s] -- Up-to-date symlink: /rosws/install/basepkg/lib/basepkg/lidar_publisher.py
[0.359s] -- Up-to-date symlink: /rosws/install/basepkg/lib/basepkg/my_node
[0.361s] -- Up-to-date symlink: /rosws/install/basepkg/share/basepkg//launch/gazebo.launch.py
[0.363s] -- Up-to-date symlink: /rosws/install/basepkg/share/basepkg//urdf/robot.urdf
[0.363s] -- Up-to-date symlink: /rosws/install/basepkg/share/basepkg//rviz/rviz_config.rviz
[0.365s] -- Up-to-date symlink: /rosws/install/basepkg/share/basepkg//src/lidar_publisher.py
[0.365s] -- Up-to-date symlink: /rosws/install/basepkg/share/basepkg//src/my_node.cpp
[0.366s] -- Up-to-date symlink: /rosws/install/basepkg/share/ament_index/resource_index/package_run_dependencies/basepkg
[0.367s] -- Up-to-date symlink: /rosws/install/basepkg/share/ament_index/resource_index/parent_prefix_path/basepkg
[0.368s] -- Up-to-date symlink: /rosws/install/basepkg/share/basepkg/environment/ament_prefix_path.sh
[0.368s] -- Up-to-date symlink: /rosws/install/basepkg/share/basepkg/environment/ament_prefix_path.dsv
[0.368s] -- Up-to-date symlink: /rosws/install/basepkg/share/basepkg/environment/path.sh
[0.369s] -- Up-to-date symlink: /rosws/install/basepkg/share/basepkg/environment/path.dsv
[0.370s] -- Up-to-date symlink: /rosws/install/basepkg/share/basepkg/local_setup.bash
[0.371s] -- Up-to-date symlink: /rosws/install/basepkg/share/basepkg/local_setup.sh
[0.372s] -- Up-to-date symlink: /rosws/install/basepkg/share/basepkg/local_setup.zsh
[0.372s] -- Up-to-date symlink: /rosws/install/basepkg/share/basepkg/local_setup.dsv
[0.373s] -- Symlinking: /rosws/install/basepkg/share/basepkg/package.dsv
[0.383s] -- Up-to-date symlink: /rosws/install/basepkg/share/ament_index/resource_index/packages/basepkg
[0.383s] -- Up-to-date symlink: /rosws/install/basepkg/share/basepkg/cmake/basepkgConfig.cmake
[0.384s] -- Up-to-date symlink: /rosws/install/basepkg/share/basepkg/cmake/basepkgConfig-version.cmake
[0.384s] -- Up-to-date symlink: /rosws/install/basepkg/share/basepkg/package.xml
[0.386s] Invoked command in '/rosws/build/basepkg' returned '0': /usr/bin/cmake --install /rosws/build/basepkg
