[0.022s] Invoking command in '/rosws/build/robot_pkg': /usr/bin/cmake /rosws/src/basepkg -DCATKIN_INSTALL_INTO_PREFIX_ROOT=0 -DCATKIN_SYMLINK_INSTALL=ON -DCMAKE_INSTALL_PREFIX=/rosws/install/robot_pkg
[0.342s] -- The C compiler identification is GNU 11.4.0
[0.680s] -- The CXX compiler identification is GNU 11.4.0
[0.870s] -- Detecting C compiler ABI info
[1.003s] -- Detecting C compiler ABI info - done
[1.010s] -- Check for working C compiler: /usr/bin/cc - skipped
[1.011s] -- Detecting C compile features
[1.012s] -- Detecting C compile features - done
[1.019s] -- Detecting CXX compiler ABI info
[1.153s] -- Detecting CXX compiler ABI info - done
[1.160s] -- Check for working CXX compiler: /usr/bin/c++ - skipped
[1.160s] -- Detecting CXX compile features
[1.161s] -- Detecting CXX compile features - done
[1.185s] -- Found ament_cmake: 1.3.11 (/opt/ros/humble/share/ament_cmake/cmake)
[1.342s] -- Found Python3: /usr/bin/python3 (found version "3.10.12") found components: Interpreter 
[1.486s] -- Found ament_lint_auto: 0.12.11 (/opt/ros/humble/share/ament_lint_auto/cmake)
[1.544s] [31mCMake Error at /opt/ros/humble/share/ament_cmake_core/cmake/core/ament_package_xml.cmake:53 (message):
[1.544s]   ament_package_xml() package name 'robot_pkg' in '/package.xml' does not
[1.544s]   match current PROJECT_NAME 'my_first_pkg'.  You must call project() with
[1.544s]   the same package name before.
[1.544s] Call Stack (most recent call first):
[1.544s]   /opt/ros/humble/share/ament_lint_auto/cmake/ament_lint_auto_find_test_dependencies.cmake:31 (ament_package_xml)
[1.545s]   CMakeLists.txt:49 (ament_lint_auto_find_test_dependencies)
[1.545s] 
[1.545s] [0m
[1.545s] -- Configuring incomplete, errors occurred!
[1.545s] See also "/rosws/build/robot_pkg/CMakeFiles/CMakeOutput.log".
[1.550s] Invoked command in '/rosws/build/robot_pkg' returned '1': /usr/bin/cmake /rosws/src/basepkg -DCATKIN_INSTALL_INTO_PREFIX_ROOT=0 -DCATKIN_SYMLINK_INSTALL=ON -DCMAKE_INSTALL_PREFIX=/rosws/install/robot_pkg
